# JRE version: OpenJDK Runtime Environment (8.0_152-b01) (build 1.8.0_152-release-915-b01)
# Java VM: OpenJDK 64-Bit Server VM (25.152-b01 mixed mode windows-amd64 compressed oops)
Heap:
 PSYoungGen      total 1099264K, used 65649K [0x000000076ab00000, 0x00000007bf800000, 0x00000007c0000000)
  eden space 807936K, 0% used [0x000000076ab00000,0x000000076ab00000,0x000000079c000000)
  from space 291328K, 22% used [0x00000007adb80000,0x00000007b1b9c538,0x00000007bf800000)
  to   space 290304K, 0% used [0x000000079c000000,0x000000079c000000,0x00000007adb80000)
 ParOldGen       total 2356224K, used 2276652K [0x00000006c0000000, 0x000000074fd00000, 0x000000076ab00000)
  object space 2356224K, 96% used [0x00000006c0000000,0x000000074af4b0d0,0x000000074fd00000)
 Metaspace       used 119532K, capacity 129452K, committed 129664K, reserved 1161216K
  class space    used 14550K, capacity 16940K, committed 17024K, reserved 1048576K
GC Heap History (10 events):
Event: 7398.449 GC heap after
Heap after GC invocations=82 (full 14):
 PSYoungGen      total 1059328K, used 147948K [0x000000076ab00000, 0x00000007c0000000, 0x00000007c0000000)
  eden space 722432K, 0% used [0x000000076ab00000,0x000000076ab00000,0x0000000796c80000)
  from space 336896K, 43% used [0x00000007aab00000,0x00000007b3b7b260,0x00000007bf400000)
  to   space 326144K, 0% used [0x0000000796c80000,0x0000000796c80000,0x00000007aab00000)
 ParOldGen       total 2356224K, used 1799231K [0x00000006c0000000, 0x000000074fd00000, 0x000000076ab00000)
  object space 2356224K, 76% used [0x00000006c0000000,0x000000072dd0fd90,0x000000074fd00000)
 Metaspace       used 116694K, capacity 126296K, committed 126464K, reserved 1159168K
  class space    used 14240K, capacity 16538K, committed 16640K, reserved 1048576K
}
Event: 7405.177 GC heap before
{Heap before GC invocations=83 (full 14):
 PSYoungGen      total 1059328K, used 870380K [0x000000076ab00000, 0x00000007c0000000, 0x00000007c0000000)
  eden space 722432K, 100% used [0x000000076ab00000,0x0000000796c80000,0x0000000796c80000)
  from space 336896K, 43% used [0x00000007aab00000,0x00000007b3b7b260,0x00000007bf400000)
  to   space 326144K, 0% used [0x0000000796c80000,0x0000000796c80000,0x00000007aab00000)
 ParOldGen       total 2356224K, used 1799231K [0x00000006c0000000, 0x000000074fd00000, 0x000000076ab00000)
  object space 2356224K, 76% used [0x00000006c0000000,0x000000072dd0fd90,0x000000074fd00000)
 Metaspace       used 116713K, capacity 126296K, committed 126464K, reserved 1159168K
  class space    used 14240K, capacity 16538K, committed 16640K, reserved 1048576K
Event: 7405.919 GC heap after
Heap after GC invocations=83 (full 14):
 PSYoungGen      total 841728K, used 119110K [0x000000076ab00000, 0x00000007bcd80000, 0x00000007c0000000)
  eden space 722432K, 0% used [0x000000076ab00000,0x000000076ab00000,0x0000000796c80000)
  from space 119296K, 99% used [0x0000000796c80000,0x000000079e0d1970,0x000000079e100000)
  to   space 305664K, 0% used [0x00000007aa300000,0x00000007aa300000,0x00000007bcd80000)
 ParOldGen       total 2356224K, used 1922356K [0x00000006c0000000, 0x000000074fd00000, 0x000000076ab00000)
  object space 2356224K, 81% used [0x00000006c0000000,0x000000073554d178,0x000000074fd00000)
 Metaspace       used 116713K, capacity 126296K, committed 126464K, reserved 1159168K
  class space    used 14240K, capacity 16538K, committed 16640K, reserved 1048576K
}
Event: 7750.859 GC heap before
{Heap before GC invocations=84 (full 14):
 PSYoungGen      total 841728K, used 841542K [0x000000076ab00000, 0x00000007bcd80000, 0x00000007c0000000)
  eden space 722432K, 100% used [0x000000076ab00000,0x0000000796c80000,0x0000000796c80000)
  from space 119296K, 99% used [0x0000000796c80000,0x000000079e0d1970,0x000000079e100000)
  to   space 305664K, 0% used [0x00000007aa300000,0x00000007aa300000,0x00000007bcd80000)
 ParOldGen       total 2356224K, used 1922356K [0x00000006c0000000, 0x000000074fd00000, 0x000000076ab00000)
  object space 2356224K, 81% used [0x00000006c0000000,0x000000073554d178,0x000000074fd00000)
 Metaspace       used 117078K, capacity 126856K, committed 126976K, reserved 1159168K
  class space    used 14277K, capacity 16622K, committed 16640K, reserved 1048576K
Event: 7751.019 GC heap after
Heap after GC invocations=84 (full 14):
 PSYoungGen      total 1054720K, used 94791K [0x000000076ab00000, 0x00000007c0000000, 0x00000007c0000000)
  eden space 749056K, 0% used [0x000000076ab00000,0x000000076ab00000,0x0000000798680000)
  from space 305664K, 31% used [0x00000007aa300000,0x00000007aff91ff8,0x00000007bcd80000)
  to   space 291328K, 0% used [0x0000000798680000,0x0000000798680000,0x00000007aa300000)
 ParOldGen       total 2356224K, used 2039125K [0x00000006c0000000, 0x000000074fd00000, 0x000000076ab00000)
  object space 2356224K, 86% used [0x00000006c0000000,0x000000073c755580,0x000000074fd00000)
 Metaspace       used 117078K, capacity 126856K, committed 126976K, reserved 1159168K
  class space    used 14277K, capacity 16622K, committed 16640K, reserved 1048576K
}
Event: 7755.674 GC heap before
{Heap before GC invocations=85 (full 14):
 PSYoungGen      total 1054720K, used 843847K [0x000000076ab00000, 0x00000007c0000000, 0x00000007c0000000)
  eden space 749056K, 100% used [0x000000076ab00000,0x0000000798680000,0x0000000798680000)
  from space 305664K, 31% used [0x00000007aa300000,0x00000007aff91ff8,0x00000007bcd80000)
  to   space 291328K, 0% used [0x0000000798680000,0x0000000798680000,0x00000007aa300000)
 ParOldGen       total 2356224K, used 2039125K [0x00000006c0000000, 0x000000074fd00000, 0x000000076ab00000)
  object space 2356224K, 86% used [0x00000006c0000000,0x000000073c755580,0x000000074fd00000)
 Metaspace       used 119361K, capacity 129196K, committed 129408K, reserved 1161216K
  class space    used 14535K, capacity 16896K, committed 17024K, reserved 1048576K
Event: 7756.378 GC heap after
Heap after GC invocations=85 (full 14):
 PSYoungGen      total 1040384K, used 180835K [0x000000076ab00000, 0x00000007bfe00000, 0x00000007c0000000)
  eden space 749056K, 0% used [0x000000076ab00000,0x000000076ab00000,0x0000000798680000)
  from space 291328K, 62% used [0x0000000798680000,0x00000007a3718f58,0x00000007aa300000)
  to   space 297472K, 0% used [0x00000007adb80000,0x00000007adb80000,0x00000007bfe00000)
 ParOldGen       total 2356224K, used 2117365K [0x00000006c0000000, 0x000000074fd00000, 0x000000076ab00000)
  object space 2356224K, 89% used [0x00000006c0000000,0x00000007413bd4c8,0x000000074fd00000)
 Metaspace       used 119361K, capacity 129196K, committed 129408K, reserved 1161216K
  class space    used 14535K, capacity 16896K, committed 17024K, reserved 1048576K
}
Event: 8341.926 GC heap before
{Heap before GC invocations=86 (full 14):
 PSYoungGen      total 1040384K, used 929891K [0x000000076ab00000, 0x00000007bfe00000, 0x00000007c0000000)
  eden space 749056K, 100% used [0x000000076ab00000,0x0000000798680000,0x0000000798680000)
  from space 291328K, 62% used [0x0000000798680000,0x00000007a3718f58,0x00000007aa300000)
  to   space 297472K, 0% used [0x00000007adb80000,0x00000007adb80000,0x00000007bfe00000)
 ParOldGen       total 2356224K, used 2117365K [0x00000006c0000000, 0x000000074fd00000, 0x000000076ab00000)
  object space 2356224K, 89% used [0x00000006c0000000,0x00000007413bd4c8,0x000000074fd00000)
 Metaspace       used 119532K, capacity 129452K, committed 129664K, reserved 1161216K
  class space    used 14550K, capacity 16940K, committed 17024K, reserved 1048576K
Event: 8342.121 GC heap after
Heap after GC invocations=86 (full 14):
 PSYoungGen      total 1099264K, used 65649K [0x000000076ab00000, 0x00000007bf800000, 0x00000007c0000000)
  eden space 807936K, 0% used [0x000000076ab00000,0x000000076ab00000,0x000000079c000000)
  from space 291328K, 22% used [0x00000007adb80000,0x00000007b1b9c538,0x00000007bf800000)
  to   space 290304K, 0% used [0x000000079c000000,0x000000079c000000,0x00000007adb80000)
 ParOldGen       total 2356224K, used 2276652K [0x00000006c0000000, 0x000000074fd00000, 0x000000076ab00000)
  object space 2356224K, 96% used [0x00000006c0000000,0x000000074af4b0d0,0x000000074fd00000)
 Metaspace       used 119532K, capacity 129452K, committed 129664K, reserved 1161216K
  class space    used 14550K, capacity 16940K, committed 17024K, reserved 1048576K
}
Event: 8342.121 GC heap before
{Heap before GC invocations=87 (full 15):
 PSYoungGen      total 1099264K, used 65649K [0x000000076ab00000, 0x00000007bf800000, 0x00000007c0000000)
  eden space 807936K, 0% used [0x000000076ab00000,0x000000076ab00000,0x000000079c000000)
  from space 291328K, 22% used [0x00000007adb80000,0x00000007b1b9c538,0x00000007bf800000)
  to   space 290304K, 0% used [0x000000079c000000,0x000000079c000000,0x00000007adb80000)
 ParOldGen       total 2356224K, used 2276652K [0x00000006c0000000, 0x000000074fd00000, 0x000000076ab00000)
  object space 2356224K, 96% used [0x00000006c0000000,0x000000074af4b0d0,0x000000074fd00000)
 Metaspace       used 119532K, capacity 129452K, committed 129664K, reserved 1161216K
  class space    used 14550K, capacity 16940K, committed 17024K, reserved 1048576K

